2022-01-09 22:40:02 WARNING (SyncWorker_3) [homeassistant.loader] We found a custom integration spotcast which has not been tested by Home Assistant. This component might cause stability problems, be sure to disable it if you experience issues with Home Assistant
2022-01-09 22:40:02 WARNING (SyncWorker_2) [homeassistant.loader] We found a custom integration circadian_lighting which has not been tested by Home Assistant. This component might cause stability problems, be sure to disable it if you experience issues with Home Assistant
2022-01-09 22:40:02 WARNING (SyncWorker_0) [homeassistant.loader] We found a custom integration xiaomi_miio_fan which has not been tested by Home Assistant. This component might cause stability problems, be sure to disable it if you experience issues with Home Assistant
2022-01-09 22:40:02 WARNING (SyncWorker_3) [homeassistant.loader] We found a custom integration garbage_collection which has not been tested by Home Assistant. This component might cause stability problems, be sure to disable it if you experience issues with Home Assistant
2022-01-09 22:40:02 WARNING (SyncWorker_1) [homeassistant.loader] We found a custom integration browser_mod which has not been tested by Home Assistant. This component might cause stability problems, be sure to disable it if you experience issues with Home Assistant
2022-01-09 22:40:02 WARNING (SyncWorker_4) [homeassistant.loader] We found a custom integration hacs which has not been tested by Home Assistant. This component might cause stability problems, be sure to disable it if you experience issues with Home Assistant
2022-01-09 22:40:02 WARNING (MainThread) [homeassistant.components.recorder] The 'purge_interval' option near /config/configuration.yaml:79 is deprecated, please remove it from your configuration
2022-01-09 22:40:11 WARNING (MainThread) [homeassistant.components.fronius.sensor] Loading Fronius via platform setup is deprecated. Please remove it from your yaml configuration
2022-01-09 22:40:12 ERROR (MainThread) [homeassistant.components.websocket_api.http.connection] [140218004564096] Received invalid command: mobile_app/push_notification_channel
2022-01-09 22:40:12 ERROR (MainThread) [homeassistant.components.websocket_api.http.connection] [140218004564096] Received invalid command: mobile_app/push_notification_channel
2022-01-09 22:40:12 ERROR (MainThread) [homeassistant.components.websocket_api.http.connection] [140218004564096] Received invalid command: mobile_app/push_notification_channel
2022-01-09 22:40:12 ERROR (MainThread) [homeassistant.components.websocket_api.http.connection] [140218004564096] Received invalid command: mobile_app/push_notification_channel
2022-01-09 22:40:12 ERROR (MainThread) [homeassistant.components.websocket_api.http.connection] [140218004564096] Received invalid command: mobile_app/push_notification_channel
2022-01-09 22:40:12 ERROR (MainThread) [homeassistant.components.websocket_api.http.connection] [140218004564096] Received invalid command: mobile_app/push_notification_channel
2022-01-09 22:40:12 ERROR (MainThread) [homeassistant.components.websocket_api.http.connection] [140218004564096] Received invalid command: mobile_app/push_notification_channel
2022-01-09 22:40:12 ERROR (MainThread) [homeassistant.components.websocket_api.http.connection] [140218004564096] Received invalid command: mobile_app/push_notification_channel
2022-01-09 22:40:12 ERROR (MainThread) [homeassistant.components.websocket_api.http.connection] [140218004564096] Received invalid command: mobile_app/push_notification_channel
2022-01-09 22:40:12 ERROR (MainThread) [homeassistant.components.websocket_api.http.connection] [140218004564096] Received invalid command: mobile_app/push_notification_channel
2022-01-09 22:40:12 ERROR (MainThread) [homeassistant.components.websocket_api.http.connection] [140218004564096] Received invalid command: mobile_app/push_notification_channel
2022-01-09 22:40:12 ERROR (MainThread) [homeassistant.components.websocket_api.http.connection] [140218004564096] Received invalid command: mobile_app/push_notification_channel
2022-01-09 22:40:12 ERROR (MainThread) [homeassistant.components.websocket_api.http.connection] [140218004564096] Received invalid command: mobile_app/push_notification_channel
2022-01-09 22:40:12 ERROR (MainThread) [homeassistant.components.websocket_api.http.connection] [140218004564096] Received invalid command: mobile_app/push_notification_channel
2022-01-09 22:40:12 ERROR (MainThread) [homeassistant.components.websocket_api.http.connection] [140218004564096] Received invalid command: mobile_app/push_notification_channel
2022-01-09 22:40:12 ERROR (MainThread) [homeassistant.components.websocket_api.http.connection] [140218004564096] Received invalid command: mobile_app/push_notification_channel
2022-01-09 22:40:12 ERROR (MainThread) [homeassistant.components.websocket_api.http.connection] [140218004564096] Received invalid command: mobile_app/push_notification_channel
2022-01-09 22:40:12 ERROR (MainThread) [homeassistant.components.websocket_api.http.connection] [140218004564096] Received invalid command: mobile_app/push_notification_channel
2022-01-09 22:40:12 ERROR (MainThread) [homeassistant.components.websocket_api.http.connection] [140218004564096] Received invalid command: mobile_app/push_notification_channel
2022-01-09 22:40:12 ERROR (MainThread) [homeassistant.components.websocket_api.http.connection] [140218004564096] Received invalid command: mobile_app/push_notification_channel
2022-01-09 22:40:12 ERROR (MainThread) [homeassistant.components.websocket_api.http.connection] [140218004564096] Received invalid command: mobile_app/push_notification_channel
2022-01-09 22:40:12 ERROR (MainThread) [homeassistant.components.websocket_api.http.connection] [140218004564096] Received invalid command: mobile_app/push_notification_channel
2022-01-09 22:40:12 ERROR (MainThread) [homeassistant.components.websocket_api.http.connection] [140218004564096] Received invalid command: mobile_app/push_notification_channel
2022-01-09 22:40:12 ERROR (MainThread) [homeassistant.components.websocket_api.http.connection] [140218004564096] Received invalid command: mobile_app/push_notification_channel
2022-01-09 22:40:12 ERROR (MainThread) [homeassistant.components.websocket_api.http.connection] [140218004564096] Received invalid command: mobile_app/push_notification_channel
2022-01-09 22:40:12 ERROR (MainThread) [homeassistant.components.websocket_api.http.connection] [140218004564096] Received invalid command: mobile_app/push_notification_channel
2022-01-09 22:40:12 ERROR (MainThread) [homeassistant.components.websocket_api.http.connection] [140218004564096] Received invalid command: mobile_app/push_notification_channel
2022-01-09 22:40:12 ERROR (MainThread) [homeassistant.components.websocket_api.http.connection] [140218004564096] Received invalid command: mobile_app/push_notification_channel
2022-01-09 22:40:12 ERROR (MainThread) [homeassistant.components.websocket_api.http.connection] [140218004564096] Received invalid command: mobile_app/push_notification_channel
2022-01-09 22:40:12 ERROR (MainThread) [homeassistant.components.websocket_api.http.connection] [140218004564096] Received invalid command: mobile_app/push_notification_channel
2022-01-09 22:40:12 ERROR (MainThread) [homeassistant.components.websocket_api.http.connection] [140218004564096] Received invalid command: mobile_app/push_notification_channel
2022-01-09 22:40:12 ERROR (MainThread) [homeassistant.components.websocket_api.http.connection] [140218004564096] Received invalid command: mobile_app/push_notification_channel
2022-01-09 22:40:12 ERROR (MainThread) [homeassistant.components.websocket_api.http.connection] [140218004564096] Received invalid command: mobile_app/push_notification_channel
2022-01-09 22:40:12 ERROR (MainThread) [homeassistant.components.websocket_api.http.connection] [140218004564096] Received invalid command: mobile_app/push_notification_channel
2022-01-09 22:40:12 ERROR (MainThread) [homeassistant.components.websocket_api.http.connection] [140218004564096] Received invalid command: mobile_app/push_notification_channel
2022-01-09 22:40:12 ERROR (MainThread) [homeassistant.components.websocket_api.http.connection] [140218004564096] Received invalid command: mobile_app/push_notification_channel
2022-01-09 22:40:12 ERROR (MainThread) [homeassistant.components.websocket_api.http.connection] [140218004564096] Received invalid command: mobile_app/push_notification_channel
2022-01-09 22:40:12 ERROR (MainThread) [homeassistant.components.websocket_api.http.connection] [140218004564096] Received invalid command: mobile_app/push_notification_channel
2022-01-09 22:40:12 ERROR (MainThread) [homeassistant.components.websocket_api.http.connection] [140218004564096] Received invalid command: mobile_app/push_notification_channel
2022-01-09 22:40:12 ERROR (MainThread) [homeassistant.components.websocket_api.http.connection] [140218004564096] Received invalid command: mobile_app/push_notification_channel
2022-01-09 22:40:12 ERROR (MainThread) [homeassistant.components.websocket_api.http.connection] [140218004564096] Received invalid command: mobile_app/push_notification_channel
2022-01-09 22:40:12 ERROR (MainThread) [homeassistant.components.websocket_api.http.connection] [140218004564096] Received invalid command: mobile_app/push_notification_channel
2022-01-09 22:40:12 ERROR (MainThread) [homeassistant.components.websocket_api.http.connection] [140218004564096] Received invalid command: mobile_app/push_notification_channel
2022-01-09 22:40:12 ERROR (MainThread) [homeassistant.components.websocket_api.http.connection] [140218004564096] Received invalid command: mobile_app/push_notification_channel
2022-01-09 22:40:12 ERROR (MainThread) [homeassistant.components.websocket_api.http.connection] [140218004564096] Received invalid command: mobile_app/push_notification_channel
2022-01-09 22:40:12 ERROR (MainThread) [homeassistant.components.websocket_api.http.connection] [140218004564096] Received invalid command: mobile_app/push_notification_channel
2022-01-09 22:40:12 ERROR (MainThread) [homeassistant.components.websocket_api.http.connection] [140218004564096] Received invalid command: mobile_app/push_notification_channel
2022-01-09 22:40:12 ERROR (MainThread) [homeassistant.components.websocket_api.http.connection] [140218004564096] Received invalid command: mobile_app/push_notification_channel
2022-01-09 22:40:12 ERROR (MainThread) [homeassistant.components.websocket_api.http.connection] [140218004564096] Received invalid command: mobile_app/push_notification_channel
2022-01-09 22:40:12 ERROR (MainThread) [homeassistant.components.websocket_api.http.connection] [140218004564096] Received invalid command: mobile_app/push_notification_channel
2022-01-09 22:40:12 ERROR (MainThread) [homeassistant.components.websocket_api.http.connection] [140218004564096] Received invalid command: mobile_app/push_notification_channel
2022-01-09 22:40:12 ERROR (MainThread) [homeassistant.components.websocket_api.http.connection] [140218004564096] Received invalid command: mobile_app/push_notification_channel
2022-01-09 22:40:12 ERROR (MainThread) [homeassistant.components.websocket_api.http.connection] [140218004564096] Received invalid command: mobile_app/push_notification_channel
2022-01-09 22:40:12 ERROR (MainThread) [homeassistant.components.websocket_api.http.connection] [140218004564096] Received invalid command: mobile_app/push_notification_channel
2022-01-09 22:40:12 ERROR (MainThread) [homeassistant.components.websocket_api.http.connection] [140218004564096] Received invalid command: mobile_app/push_notification_channel
2022-01-09 22:40:12 ERROR (MainThread) [homeassistant.components.websocket_api.http.connection] [140218004564096] Received invalid command: mobile_app/push_notification_channel
2022-01-09 22:40:12 ERROR (MainThread) [homeassistant.components.websocket_api.http.connection] [140218004564096] Received invalid command: mobile_app/push_notification_channel
2022-01-09 22:40:12 ERROR (MainThread) [homeassistant.components.websocket_api.http.connection] [140218004564096] Received invalid command: mobile_app/push_notification_channel
2022-01-09 22:40:12 ERROR (MainThread) [homeassistant.components.websocket_api.http.connection] [140218004564096] Received invalid command: mobile_app/push_notification_channel
2022-01-09 22:40:12 ERROR (MainThread) [homeassistant.components.websocket_api.http.connection] [140218004564096] Received invalid command: mobile_app/push_notification_channel
2022-01-09 22:40:12 ERROR (MainThread) [homeassistant.components.websocket_api.http.connection] [140218004564096] Received invalid command: mobile_app/push_notification_channel
2022-01-09 22:40:12 ERROR (MainThread) [homeassistant.components.websocket_api.http.connection] [140218004564096] Received invalid command: mobile_app/push_notification_channel
2022-01-09 22:40:12 ERROR (MainThread) [homeassistant.components.websocket_api.http.connection] [140218004564096] Received invalid command: mobile_app/push_notification_channel
2022-01-09 22:40:12 ERROR (MainThread) [homeassistant.components.websocket_api.http.connection] [140218004564096] Received invalid command: mobile_app/push_notification_channel
2022-01-09 22:40:12 ERROR (MainThread) [homeassistant.components.websocket_api.http.connection] [140218004564096] Received invalid command: mobile_app/push_notification_channel
2022-01-09 22:40:12 ERROR (MainThread) [homeassistant.components.websocket_api.http.connection] [140218004564096] Received invalid command: mobile_app/push_notification_channel
2022-01-09 22:40:12 ERROR (MainThread) [homeassistant.components.websocket_api.http.connection] [140218004564096] Received invalid command: mobile_app/push_notification_channel
2022-01-09 22:40:12 ERROR (MainThread) [homeassistant.components.websocket_api.http.connection] [140218004564096] Received invalid command: mobile_app/push_notification_channel
2022-01-09 22:40:12 ERROR (MainThread) [homeassistant.components.websocket_api.http.connection] [140218004564096] Received invalid command: mobile_app/push_notification_channel
2022-01-09 22:40:12 ERROR (MainThread) [homeassistant.components.websocket_api.http.connection] [140218004564096] Received invalid command: mobile_app/push_notification_channel
2022-01-09 22:40:12 ERROR (MainThread) [homeassistant.components.websocket_api.http.connection] [140218004564096] Received invalid command: mobile_app/push_notification_channel
2022-01-09 22:40:12 ERROR (MainThread) [homeassistant.components.websocket_api.http.connection] [140218004564096] Received invalid command: mobile_app/push_notification_channel
2022-01-09 22:40:12 ERROR (MainThread) [homeassistant.components.websocket_api.http.connection] [140218004564096] Received invalid command: mobile_app/push_notification_channel
2022-01-09 22:40:12 ERROR (MainThread) [homeassistant.components.websocket_api.http.connection] [140218004564096] Received invalid command: mobile_app/push_notification_channel
2022-01-09 22:40:12 ERROR (MainThread) [homeassistant.components.websocket_api.http.connection] [140218004564096] Received invalid command: mobile_app/push_notification_channel
2022-01-09 22:40:12 ERROR (MainThread) [homeassistant.components.websocket_api.http.connection] [140218004564096] Received invalid command: mobile_app/push_notification_channel
2022-01-09 22:40:12 ERROR (MainThread) [homeassistant.components.websocket_api.http.connection] [140218004564096] Received invalid command: mobile_app/push_notification_channel
2022-01-09 22:40:12 ERROR (MainThread) [homeassistant.components.websocket_api.http.connection] [140218004564096] Received invalid command: mobile_app/push_notification_channel
2022-01-09 22:40:12 ERROR (MainThread) [homeassistant.components.websocket_api.http.connection] [140218004564096] Received invalid command: mobile_app/push_notification_channel
2022-01-09 22:40:12 ERROR (MainThread) [homeassistant.components.websocket_api.http.connection] [140218004564096] Received invalid command: mobile_app/push_notification_channel
2022-01-09 22:40:12 ERROR (MainThread) [homeassistant.components.websocket_api.http.connection] [140218004564096] Received invalid command: mobile_app/push_notification_channel
2022-01-09 22:40:12 ERROR (MainThread) [homeassistant.components.websocket_api.http.connection] [140218004564096] Received invalid command: mobile_app/push_notification_channel
2022-01-09 22:40:12 ERROR (MainThread) [homeassistant.components.websocket_api.http.connection] [140218004564096] Received invalid command: mobile_app/push_notification_channel
2022-01-09 22:40:12 ERROR (MainThread) [homeassistant.components.websocket_api.http.connection] [140218004564096] Received invalid command: mobile_app/push_notification_channel
2022-01-09 22:40:12 ERROR (MainThread) [homeassistant.components.websocket_api.http.connection] [140218004564096] Received invalid command: mobile_app/push_notification_channel
2022-01-09 22:40:12 ERROR (MainThread) [homeassistant.components.websocket_api.http.connection] [140218004564096] Received invalid command: mobile_app/push_notification_channel
2022-01-09 22:40:12 ERROR (MainThread) [homeassistant.components.websocket_api.http.connection] [140218004564096] Received invalid command: mobile_app/push_notification_channel
2022-01-09 22:40:12 ERROR (MainThread) [homeassistant.components.websocket_api.http.connection] [140218004564096] Received invalid command: mobile_app/push_notification_channel
2022-01-09 22:40:12 ERROR (MainThread) [homeassistant.components.websocket_api.http.connection] [140218004564096] Received invalid command: mobile_app/push_notification_channel
2022-01-09 22:40:12 ERROR (MainThread) [homeassistant.components.websocket_api.http.connection] [140218004564096] Received invalid command: mobile_app/push_notification_channel
2022-01-09 22:40:12 ERROR (MainThread) [homeassistant.components.websocket_api.http.connection] [140218004564096] Received invalid command: mobile_app/push_notification_channel
2022-01-09 22:40:12 ERROR (MainThread) [homeassistant.components.websocket_api.http.connection] [140218004564096] Received invalid command: mobile_app/push_notification_channel
2022-01-09 22:40:12 ERROR (MainThread) [homeassistant.components.websocket_api.http.connection] [140218004564096] Received invalid command: mobile_app/push_notification_channel
2022-01-09 22:40:12 ERROR (MainThread) [homeassistant.components.websocket_api.http.connection] [140218004564096] Received invalid command: mobile_app/push_notification_channel
2022-01-09 22:40:12 ERROR (MainThread) [homeassistant.components.websocket_api.http.connection] [140218004564096] Received invalid command: mobile_app/push_notification_channel
2022-01-09 22:40:12 ERROR (MainThread) [homeassistant.components.websocket_api.http.connection] [140218004564096] Received invalid command: mobile_app/push_notification_channel
2022-01-09 22:40:12 ERROR (MainThread) [homeassistant.components.websocket_api.http.connection] [140218004564096] Received invalid command: mobile_app/push_notification_channel
2022-01-09 22:40:12 ERROR (MainThread) [homeassistant.components.websocket_api.http.connection] [140218004564096] Received invalid command: mobile_app/push_notification_channel
2022-01-09 22:40:12 ERROR (MainThread) [homeassistant.components.websocket_api.http.connection] [140218004564096] Received invalid command: mobile_app/push_notification_channel
2022-01-09 22:40:12 ERROR (MainThread) [homeassistant.components.websocket_api.http.connection] [140218004564096] Received invalid command: mobile_app/push_notification_channel
2022-01-09 22:40:12 ERROR (MainThread) [homeassistant.components.websocket_api.http.connection] [140218004564096] Received invalid command: mobile_app/push_notification_channel
2022-01-09 22:40:12 ERROR (MainThread) [homeassistant.components.websocket_api.http.connection] [140218004564096] Received invalid command: mobile_app/push_notification_channel
2022-01-09 22:40:12 ERROR (MainThread) [homeassistant.components.websocket_api.http.connection] [140218004564096] Received invalid command: mobile_app/push_notification_channel
2022-01-09 22:40:12 ERROR (MainThread) [homeassistant.components.websocket_api.http.connection] [140218004564096] Received invalid command: mobile_app/push_notification_channel
2022-01-09 22:40:12 ERROR (MainThread) [homeassistant.components.websocket_api.http.connection] [140218004564096] Received invalid command: mobile_app/push_notification_channel
2022-01-09 22:40:12 ERROR (MainThread) [homeassistant.components.websocket_api.http.connection] [140218004564096] Received invalid command: mobile_app/push_notification_channel
2022-01-09 22:40:12 ERROR (MainThread) [homeassistant.components.websocket_api.http.connection] [140218004564096] Received invalid command: mobile_app/push_notification_channel
2022-01-09 22:40:12 ERROR (MainThread) [homeassistant.components.websocket_api.http.connection] [140218004564096] Received invalid command: mobile_app/push_notification_channel
2022-01-09 22:40:12 ERROR (MainThread) [homeassistant.components.websocket_api.http.connection] [140218004564096] Received invalid command: mobile_app/push_notification_channel
2022-01-09 22:40:12 ERROR (MainThread) [homeassistant.components.websocket_api.http.connection] [140218004564096] Received invalid command: mobile_app/push_notification_channel
2022-01-09 22:40:12 ERROR (MainThread) [homeassistant.components.websocket_api.http.connection] [140218004564096] Received invalid command: mobile_app/push_notification_channel
2022-01-09 22:40:12 ERROR (MainThread) [homeassistant.components.websocket_api.http.connection] [140218004564096] Received invalid command: mobile_app/push_notification_channel
2022-01-09 22:40:12 ERROR (MainThread) [homeassistant.components.websocket_api.http.connection] [140218004564096] Received invalid command: mobile_app/push_notification_channel
2022-01-09 22:40:12 ERROR (MainThread) [homeassistant.components.websocket_api.http.connection] [140218004564096] Received invalid command: mobile_app/push_notification_channel
2022-01-09 22:40:12 ERROR (MainThread) [homeassistant.components.websocket_api.http.connection] [140218004564096] Received invalid command: mobile_app/push_notification_channel
2022-01-09 22:40:12 ERROR (MainThread) [homeassistant.components.websocket_api.http.connection] [140218004564096] Received invalid command: mobile_app/push_notification_channel
2022-01-09 22:40:12 ERROR (MainThread) [homeassistant.components.websocket_api.http.connection] [140218004564096] Received invalid command: mobile_app/push_notification_channel
2022-01-09 22:40:12 ERROR (MainThread) [homeassistant.components.websocket_api.http.connection] [140218004564096] Received invalid command: mobile_app/push_notification_channel
2022-01-09 22:40:12 ERROR (MainThread) [homeassistant.components.websocket_api.http.connection] [140218004564096] Received invalid command: mobile_app/push_notification_channel
2022-01-09 22:40:12 ERROR (MainThread) [homeassistant.components.websocket_api.http.connection] [140218004564096] Received invalid command: mobile_app/push_notification_channel
2022-01-09 22:40:12 ERROR (MainThread) [homeassistant.components.websocket_api.http.connection] [140218004564096] Received invalid command: mobile_app/push_notification_channel
2022-01-09 22:40:12 ERROR (MainThread) [homeassistant.components.websocket_api.http.connection] [140218004564096] Received invalid command: mobile_app/push_notification_channel
2022-01-09 22:40:12 ERROR (MainThread) [homeassistant.components.websocket_api.http.connection] [140218004564096] Received invalid command: mobile_app/push_notification_channel
2022-01-09 22:40:12 ERROR (MainThread) [homeassistant.components.websocket_api.http.connection] [140218004564096] Received invalid command: mobile_app/push_notification_channel
2022-01-09 22:40:12 ERROR (MainThread) [homeassistant.components.websocket_api.http.connection] [140218004564096] Received invalid command: mobile_app/push_notification_channel
2022-01-09 22:40:12 ERROR (MainThread) [homeassistant.components.websocket_api.http.connection] [140218004564096] Received invalid command: mobile_app/push_notification_channel
2022-01-09 22:40:12 ERROR (MainThread) [homeassistant.components.websocket_api.http.connection] [140218004564096] Received invalid command: mobile_app/push_notification_channel
2022-01-09 22:40:12 ERROR (MainThread) [homeassistant.components.websocket_api.http.connection] [140218004564096] Received invalid command: mobile_app/push_notification_channel
2022-01-09 22:40:12 ERROR (MainThread) [homeassistant.components.websocket_api.http.connection] [140218004564096] Received invalid command: mobile_app/push_notification_channel
2022-01-09 22:40:12 ERROR (MainThread) [homeassistant.components.websocket_api.http.connection] [140218004564096] Received invalid command: mobile_app/push_notification_channel
2022-01-09 22:40:12 ERROR (MainThread) [homeassistant.components.websocket_api.http.connection] [140218004564096] Received invalid command: mobile_app/push_notification_channel
2022-01-09 22:40:12 ERROR (MainThread) [homeassistant.components.websocket_api.http.connection] [140218004564096] Received invalid command: mobile_app/push_notification_channel
2022-01-09 22:40:12 ERROR (MainThread) [homeassistant.components.websocket_api.http.connection] [140218004564096] Received invalid command: mobile_app/push_notification_channel
2022-01-09 22:40:12 ERROR (MainThread) [homeassistant.components.websocket_api.http.connection] [140218004564096] Received invalid command: mobile_app/push_notification_channel
2022-01-09 22:40:12 ERROR (MainThread) [homeassistant.components.websocket_api.http.connection] [140218004564096] Received invalid command: mobile_app/push_notification_channel
2022-01-09 22:40:12 ERROR (MainThread) [homeassistant.components.websocket_api.http.connection] [140218004564096] Received invalid command: mobile_app/push_notification_channel
2022-01-09 22:40:12 ERROR (MainThread) [homeassistant.components.websocket_api.http.connection] [140218004564096] Received invalid command: mobile_app/push_notification_channel
2022-01-09 22:40:12 ERROR (MainThread) [homeassistant.components.websocket_api.http.connection] [140218004564096] Received invalid command: mobile_app/push_notification_channel
2022-01-09 22:40:12 ERROR (MainThread) [homeassistant.components.websocket_api.http.connection] [140218004564096] Received invalid command: mobile_app/push_notification_channel
2022-01-09 22:40:12 ERROR (MainThread) [homeassistant.components.websocket_api.http.connection] [140218004564096] Received invalid command: mobile_app/push_notification_channel
2022-01-09 22:40:12 ERROR (MainThread) [homeassistant.components.websocket_api.http.connection] [140218004564096] Received invalid command: mobile_app/push_notification_channel
2022-01-09 22:40:12 ERROR (MainThread) [homeassistant.components.websocket_api.http.connection] [140218004564096] Received invalid command: mobile_app/push_notification_channel
2022-01-09 22:40:12 ERROR (MainThread) [homeassistant.components.websocket_api.http.connection] [140218004564096] Received invalid command: mobile_app/push_notification_channel
2022-01-09 22:40:12 ERROR (MainThread) [homeassistant.components.websocket_api.http.connection] [140218004564096] Received invalid command: mobile_app/push_notification_channel
2022-01-09 22:40:12 ERROR (MainThread) [homeassistant.components.websocket_api.http.connection] [140218004564096] Received invalid command: mobile_app/push_notification_channel
2022-01-09 22:40:12 ERROR (MainThread) [homeassistant.components.websocket_api.http.connection] [140218004564096] Received invalid command: mobile_app/push_notification_channel
2022-01-09 22:40:12 ERROR (MainThread) [homeassistant.components.websocket_api.http.connection] [140218004564096] Received invalid command: mobile_app/push_notification_channel
2022-01-09 22:40:12 ERROR (MainThread) [homeassistant.components.websocket_api.http.connection] [140218004564096] Received invalid command: mobile_app/push_notification_channel
2022-01-09 22:40:12 ERROR (MainThread) [homeassistant.components.websocket_api.http.connection] [140218004564096] Received invalid command: mobile_app/push_notification_channel
2022-01-09 22:40:12 ERROR (MainThread) [homeassistant.components.websocket_api.http.connection] [140218004564096] Received invalid command: mobile_app/push_notification_channel
2022-01-09 22:40:12 ERROR (MainThread) [homeassistant.components.websocket_api.http.connection] [140218004564096] Received invalid command: mobile_app/push_notification_channel
2022-01-09 22:40:12 ERROR (MainThread) [homeassistant.components.websocket_api.http.connection] [140218004564096] Received invalid command: mobile_app/push_notification_channel
2022-01-09 22:40:12 ERROR (MainThread) [homeassistant.components.websocket_api.http.connection] [140218004564096] Received invalid command: mobile_app/push_notification_channel
2022-01-09 22:40:12 ERROR (MainThread) [homeassistant.components.websocket_api.http.connection] [140218004564096] Received invalid command: mobile_app/push_notification_channel
2022-01-09 22:40:12 ERROR (MainThread) [homeassistant.components.websocket_api.http.connection] [140218004564096] Received invalid command: mobile_app/push_notification_channel
2022-01-09 22:40:12 ERROR (MainThread) [homeassistant.components.websocket_api.http.connection] [140218004564096] Received invalid command: mobile_app/push_notification_channel
2022-01-09 22:40:12 ERROR (MainThread) [homeassistant.components.websocket_api.http.connection] [140218004564096] Received invalid command: mobile_app/push_notification_channel
2022-01-09 22:40:12 ERROR (MainThread) [homeassistant.components.websocket_api.http.connection] [140218004564096] Received invalid command: mobile_app/push_notification_channel
2022-01-09 22:40:12 ERROR (MainThread) [homeassistant.components.websocket_api.http.connection] [140218004564096] Received invalid command: mobile_app/push_notification_channel
2022-01-09 22:40:12 ERROR (MainThread) [homeassistant.components.websocket_api.http.connection] [140218004564096] Received invalid command: mobile_app/push_notification_channel
2022-01-09 22:40:12 ERROR (MainThread) [homeassistant.components.websocket_api.http.connection] [140218004564096] Received invalid command: mobile_app/push_notification_channel
2022-01-09 22:40:12 ERROR (MainThread) [homeassistant.components.websocket_api.http.connection] [140218004564096] Received invalid command: mobile_app/push_notification_channel
2022-01-09 22:40:12 ERROR (MainThread) [homeassistant.components.websocket_api.http.connection] [140218004564096] Received invalid command: mobile_app/push_notification_channel
2022-01-09 22:40:13 WARNING (MainThread) [homeassistant.helpers.entity] Entity fan.master_bedroom (<class 'custom_components.xiaomi_miio_fan.fan.XiaomiFan'>) implements device_state_attributes. Please report it to the custom component author.
2022-01-09 22:40:13 WARNING (MainThread) [homeassistant.config_entries] Config entry 'SolarNet Datalogger at 192.168.1.80' for fronius integration not ready yet: Connection to Fronius device failed at http://192.168.1.80/solar_api/GetAPIVersion.cgi.; Retrying in background
2022-01-09 22:40:13 ERROR (MainThread) [snitun.client.client_peer] Challenge/Response error with SniTun server (0 bytes read on a total of 32 expected bytes)
2022-01-09 22:40:13 ERROR (MainThread) [hass_nabucasa.remote] Connection problem to snitun server
2022-01-09 22:40:13 WARNING (MainThread) [homeassistant.helpers.entity] Entity sensor.rubbish (<class 'custom_components.garbage_collection.sensor.GarbageCollection'>) implements device_state_attributes. Please report it to the custom component author.
2022-01-09 22:40:13 WARNING (MainThread) [homeassistant.helpers.entity] Entity sensor.recycling (<class 'custom_components.garbage_collection.sensor.GarbageCollection'>) implements device_state_attributes. Please report it to the custom component author.
2022-01-09 22:40:13 WARNING (MainThread) [homeassistant.helpers.entity] Entity calendar.garbage_collection (<class 'custom_components.garbage_collection.calendar.GarbageCollectionCalendar'>) implements device_state_attributes. Please report it to the custom component author.
2022-01-09 22:40:13 WARNING (MainThread) [zigpy_deconz.zigbee.application] Unexpected transmit confirm for request id 249, Status: TXStatus.NWK_ROUTE_DISCOVERY_FAILED
2022-01-09 22:40:16 ERROR (MainThread) [homeassistant.components.automation.button_sofia_toggle_random_rgb] Unknown error while setting up trigger (empty result) Button - Sofia Toggle Random RGB
2022-01-09 22:40:16 ERROR (MainThread) [homeassistant.components.automation.button_sofia_toggle_lamp] Unknown error while setting up trigger (empty result) Button - Sofia Toggle Lamp
2022-01-09 22:40:16 ERROR (MainThread) [homeassistant.components.automation.button_joseph_toggle_lamp] Unknown error while setting up trigger (empty result) Button - Joseph Toggle Lamp
2022-01-09 22:40:16 ERROR (MainThread) [homeassistant.components.automation.button_joseph_toggle_random_rgb] Unknown error while setting up trigger (empty result) Button - Joseph Toggle Random RGB
2022-01-09 22:40:16 ERROR (MainThread) [snitun.client.client_peer] Challenge/Response error with SniTun server (0 bytes read on a total of 32 expected bytes)
2022-01-09 22:40:16 ERROR (MainThread) [hass_nabucasa.remote] Connection problem to snitun server
2022-01-09 22:40:16 WARNING (MainThread) [aioesphomeapi.reconnect_logic] Can't connect to ESPHome API for 192.168.1.99 @ 192.168.1.99: Error connecting to ('192.168.1.99', 6053): [Errno 113] Connect call failed ('192.168.1.99', 6053)
2022-01-09 22:40:16 WARNING (MainThread) [aioesphomeapi.reconnect_logic] Can't connect to ESPHome API for 192.168.1.133 @ 192.168.1.133: Error connecting to ('192.168.1.133', 6053): [Errno 113] Connect call failed ('192.168.1.133', 6053)
2022-01-09 22:40:16 WARNING (MainThread) [aioesphomeapi.reconnect_logic] Can't connect to ESPHome API for 192.168.1.111 @ 192.168.1.111: Error connecting to ('192.168.1.111', 6053): [Errno 113] Connect call failed ('192.168.1.111', 6053)
2022-01-09 22:40:16 WARNING (MainThread) [aioesphomeapi.reconnect_logic] Can't connect to ESPHome API for 192.168.1.14 @ 192.168.1.14: Error connecting to ('192.168.1.14', 6053): [Errno 113] Connect call failed ('192.168.1.14', 6053)
2022-01-09 22:40:16 WARNING (MainThread) [aioesphomeapi.reconnect_logic] Can't connect to ESPHome API for 192.168.1.17 @ 192.168.1.17: Error connecting to ('192.168.1.17', 6053): [Errno 113] Connect call failed ('192.168.1.17', 6053)
2022-01-09 22:40:16 WARNING (MainThread) [aioesphomeapi.reconnect_logic] Can't connect to ESPHome API for 192.168.1.9 @ 192.168.1.9: Error connecting to ('192.168.1.9', 6053): [Errno 113] Connect call failed ('192.168.1.9', 6053)
2022-01-09 22:40:16 WARNING (MainThread) [aioesphomeapi.reconnect_logic] Can't connect to ESPHome API for 192.168.1.8 @ 192.168.1.8: Error connecting to ('192.168.1.8', 6053): [Errno 113] Connect call failed ('192.168.1.8', 6053)
2022-01-09 22:40:16 WARNING (MainThread) [aioesphomeapi.reconnect_logic] Can't connect to ESPHome API for 192.168.1.70 @ 192.168.1.70: Error connecting to ('192.168.1.70', 6053): [Errno 113] Connect call failed ('192.168.1.70', 6053)
2022-01-09 22:40:23 WARNING (MainThread) [homeassistant.components.zha.core.channels.base] [0xB09B:11:0x0300]: async_initialize: all attempts have failed: [DeliveryError('[0xb09b:11:0x0300]: Message send failure'), DeliveryError('[0xb09b:11:0x0300]: Message send failure'), DeliveryError('[0xb09b:11:0x0300]: Message send failure'), DeliveryError('[0xb09b:11:0x0300]: Message send failure')]
2022-01-09 22:40:24 ERROR (MainThread) [snitun.client.client_peer] Challenge/Response error with SniTun server (0 bytes read on a total of 32 expected bytes)
2022-01-09 22:40:24 ERROR (MainThread) [hass_nabucasa.remote] Connection problem to snitun server
2022-01-09 22:40:26 WARNING (MainThread) [homeassistant.components.zha.core.channels.base] [0xB09B:11:0x0008]: async_initialize: all attempts have failed: [DeliveryError('[0xb09b:11:0x0008]: Message send failure'), DeliveryError('[0xb09b:11:0x0008]: Message send failure'), DeliveryError('[0xb09b:11:0x0008]: Message send failure'), DeliveryError('[0xb09b:11:0x0008]: Message send failure')]
2022-01-09 22:40:43 WARNING (MainThread) [homeassistant.components.zha.core.channels.base] [0x1497:11:0x0006]: async_initialize: all attempts have failed: [TimeoutError(), TimeoutError(), TimeoutError(), TimeoutError()]
2022-01-09 22:40:44 WARNING (MainThread) [homeassistant.components.zha.core.channels.base] [0x1497:11:0x0008]: async_initialize: all attempts have failed: [TimeoutError(), TimeoutError(), TimeoutError(), TimeoutError()]
2022-01-09 22:40:59 WARNING (MainThread) [homeassistant.components.zha.core.channels.base] [0xB09B:11:0x0006]: async_initialize: all attempts have failed: [DeliveryError('[0xb09b:11:0x0006]: Message send failure'), DeliveryError('[0xb09b:11:0x0006]: Message send failure'), DeliveryError('[0xb09b:11:0x0006]: Message send failure'), DeliveryError('[0xb09b:11:0x0006]: Message send failure')]
2022-01-09 22:41:53 WARNING (MainThread) [homeassistant.helpers.entity] Update of fan.master_bedroom is taking over 10 seconds
2022-01-09 22:49:23 WARNING (MainThread) [homeassistant.helpers.entity] Update of fan.master_bedroom is taking over 10 seconds
2022-01-09 23:09:41 WARNING (MainThread) [homeassistant.helpers.template] Template warning: 'strptime' got invalid input '2022-01-09 21:30:00' when rendering template '{% set start_dim_time = as_timestamp(strptime(now().strftime("%Y-%m-%d") + " " + begin_dim, "%H:%M:%S")) %} {% set end_dim_time = as_timestamp(strptime(now().strftime("%Y-%m-%d") + " " + end_dim, "%H:%M:%S")) %} {% set now_time =  as_timestamp(now()) %}      {{ ([([((end_dim_time - now_time) / (end_dim_time- start_dim_time) * 100), min_brightness] | max), 100] | min) | int }}' but no default was specified. Currently 'strptime' will return '2022-01-09 21:30:00', however this template will fail to render in Home Assistant core 2022.1
2022-01-09 23:09:41 WARNING (MainThread) [homeassistant.helpers.template] Template warning: 'strptime' got invalid input '2022-01-09 23:00:00' when rendering template '{% set start_dim_time = as_timestamp(strptime(now().strftime("%Y-%m-%d") + " " + begin_dim, "%H:%M:%S")) %} {% set end_dim_time = as_timestamp(strptime(now().strftime("%Y-%m-%d") + " " + end_dim, "%H:%M:%S")) %} {% set now_time =  as_timestamp(now()) %}      {{ ([([((end_dim_time - now_time) / (end_dim_time- start_dim_time) * 100), min_brightness] | max), 100] | min) | int }}' but no default was specified. Currently 'strptime' will return '2022-01-09 23:00:00', however this template will fail to render in Home Assistant core 2022.1
2022-01-09 23:10:37 WARNING (MainThread) [homeassistant.helpers.template] Template warning: 'strptime' got invalid input '2022-01-09 21:30:00' when rendering template '{% set start_dim_time = as_timestamp(strptime(now().strftime("%Y-%m-%d") + " " + begin_dim, "%H:%M:%S")) %} {% set end_dim_time = as_timestamp(strptime(now().strftime("%Y-%m-%d") + " " + end_dim, "%H:%M:%S")) %} {% set now_time =  as_timestamp(now()) %}      {{ ([([((end_dim_time - now_time) / (end_dim_time- start_dim_time) * 100), min_brightness] | max), 100] | min) | int }}' but no default was specified. Currently 'strptime' will return '2022-01-09 21:30:00', however this template will fail to render in Home Assistant core 2022.1
2022-01-09 23:10:37 WARNING (MainThread) [homeassistant.helpers.template] Template warning: 'strptime' got invalid input '2022-01-09 23:00:00' when rendering template '{% set start_dim_time = as_timestamp(strptime(now().strftime("%Y-%m-%d") + " " + begin_dim, "%H:%M:%S")) %} {% set end_dim_time = as_timestamp(strptime(now().strftime("%Y-%m-%d") + " " + end_dim, "%H:%M:%S")) %} {% set now_time =  as_timestamp(now()) %}      {{ ([([((end_dim_time - now_time) / (end_dim_time- start_dim_time) * 100), min_brightness] | max), 100] | min) | int }}' but no default was specified. Currently 'strptime' will return '2022-01-09 23:00:00', however this template will fail to render in Home Assistant core 2022.1
2022-01-09 23:10:53 WARNING (MainThread) [homeassistant.helpers.template] Template warning: 'strptime' got invalid input '2022-01-09 21:30:00' when rendering template '{% set start_dim_time = as_timestamp(strptime(now().strftime("%Y-%m-%d") + " " + begin_dim, "%H:%M:%S")) %} {% set end_dim_time = as_timestamp(strptime(now().strftime("%Y-%m-%d") + " " + end_dim, "%H:%M:%S")) %} {% set now_time =  as_timestamp(now()) %}      {{ ([([((end_dim_time - now_time) / (end_dim_time- start_dim_time) * 100), min_brightness] | max), 100] | min) | int }}' but no default was specified. Currently 'strptime' will return '2022-01-09 21:30:00', however this template will fail to render in Home Assistant core 2022.1
2022-01-09 23:10:53 WARNING (MainThread) [homeassistant.helpers.template] Template warning: 'strptime' got invalid input '2022-01-09 23:00:00' when rendering template '{% set start_dim_time = as_timestamp(strptime(now().strftime("%Y-%m-%d") + " " + begin_dim, "%H:%M:%S")) %} {% set end_dim_time = as_timestamp(strptime(now().strftime("%Y-%m-%d") + " " + end_dim, "%H:%M:%S")) %} {% set now_time =  as_timestamp(now()) %}      {{ ([([((end_dim_time - now_time) / (end_dim_time- start_dim_time) * 100), min_brightness] | max), 100] | min) | int }}' but no default was specified. Currently 'strptime' will return '2022-01-09 23:00:00', however this template will fail to render in Home Assistant core 2022.1
2022-01-09 23:12:23 WARNING (MainThread) [homeassistant.helpers.entity] Update of fan.master_bedroom is taking over 10 seconds
2022-01-09 23:19:02 ERROR (MainThread) [homeassistant.components.fronius] Error fetching fronius_inverter_1_http://192.168.1.80 data: Connection to Fronius device failed at http://192.168.1.80/solar_api/v1/GetInverterRealtimeData.cgi?Scope=Device&DeviceId=1&DataCollection=CommonInverterData.
2022-01-09 23:19:53 WARNING (MainThread) [homeassistant.helpers.entity] Update of fan.master_bedroom is taking over 10 seconds
2022-01-09 23:34:34 WARNING (MainThread) [zigpy_deconz.api] No response to 'Command.aps_data_indication' command with seq id '0x09'
2022-01-09 23:35:23 WARNING (MainThread) [homeassistant.helpers.entity] Update of fan.master_bedroom is taking over 10 seconds
2022-01-09 23:50:23 WARNING (MainThread) [homeassistant.helpers.entity] Update of fan.master_bedroom is taking over 10 seconds
2022-01-10 00:17:47 ERROR (MainThread) [homeassistant.components.fronius] Error fetching fronius_logger_http://192.168.1.80 data: Connection to Fronius device failed at http://192.168.1.80/solar_api/v1/GetLoggerInfo.cgi.
2022-01-10 00:20:53 WARNING (MainThread) [homeassistant.helpers.entity] Update of fan.master_bedroom is taking over 10 seconds
2022-01-10 01:06:23 WARNING (MainThread) [homeassistant.helpers.entity] Update of fan.master_bedroom is taking over 10 seconds
2022-01-10 01:36:53 WARNING (MainThread) [homeassistant.helpers.entity] Update of fan.master_bedroom is taking over 10 seconds
2022-01-10 02:09:22 WARNING (Thread-7) [pychromecast.socket_client] [Kitchen(192.168.1.40):8009] Heartbeat timeout, resetting connection
2022-01-10 02:09:38 ERROR (Thread-7) [pychromecast.socket_client] [Kitchen(192.168.1.40):8009] Failed to connect to service ServiceInfo(type='host', data=('192.168.1.40', 8009)), retrying in 5.0s
2022-01-10 02:22:23 WARNING (MainThread) [homeassistant.helpers.entity] Update of fan.master_bedroom is taking over 10 seconds
2022-01-10 03:07:53 WARNING (MainThread) [homeassistant.helpers.entity] Update of fan.master_bedroom is taking over 10 seconds
2022-01-10 03:23:23 WARNING (MainThread) [homeassistant.helpers.entity] Update of fan.master_bedroom is taking over 10 seconds
2022-01-10 03:52:59 WARNING (Thread-11) [pychromecast.socket_client] [Front Room TV(192.168.1.61):8009] Heartbeat timeout, resetting connection
2022-01-10 03:53:15 ERROR (Thread-11) [pychromecast.socket_client] [Front Room TV(192.168.1.61):8009] Failed to connect to service ServiceInfo(type='host', data=('192.168.1.61', 8009)), retrying in 5.0s
2022-01-10 03:53:53 WARNING (MainThread) [homeassistant.helpers.entity] Update of fan.master_bedroom is taking over 10 seconds
2022-01-10 04:00:47 WARNING (Thread-10) [pychromecast.socket_client] [Bedroom TV(192.168.1.62):8009] Heartbeat timeout, resetting connection
2022-01-10 04:01:02 ERROR (Thread-10) [pychromecast.socket_client] [Bedroom TV(192.168.1.62):8009] Failed to connect to service ServiceInfo(type='host', data=('192.168.1.62', 8009)), retrying in 5.0s
2022-01-10 04:06:03 ERROR (Thread-9) [pychromecast.socket_client] [All Chromecasts(192.168.1.41):32201] Error reading from socket.
2022-01-10 04:06:03 WARNING (Thread-9) [pychromecast.socket_client] [All Chromecasts(192.168.1.41):32201] Error communicating with socket, resetting connection
2022-01-10 04:06:03 ERROR (Thread-9) [pychromecast.socket_client] [All Chromecasts(192.168.1.41):32201] Failed to connect to service ServiceInfo(type='host', data=('192.168.1.41', 32201)), retrying in 5.0s
2022-01-10 04:06:33 WARNING (Thread-12) [pychromecast.socket_client] [Front Room(192.168.1.41):8009] Heartbeat timeout, resetting connection
2022-01-10 04:06:40 ERROR (Thread-12) [pychromecast.socket_client] [Front Room(192.168.1.41):8009] Failed to connect to service ServiceInfo(type='host', data=('192.168.1.41', 8009)), retrying in 5.0s
2022-01-10 04:06:46 ERROR (Thread-9) [pychromecast.socket_client] [All Chromecasts(192.168.1.40):32201] Error reading from socket.
2022-01-10 04:06:46 WARNING (Thread-9) [pychromecast.socket_client] [All Chromecasts(192.168.1.40):32201] Error communicating with socket, resetting connection
2022-01-10 04:06:46 ERROR (Thread-9) [pychromecast.socket_client] [All Chromecasts(192.168.1.40):32201] Failed to connect to service ServiceInfo(type='host', data=('192.168.1.40', 32201)), retrying in 5.0s
2022-01-10 04:08:45 WARNING (MainThread) [zigpy_deconz.api] No response to 'Command.aps_data_indication' command with seq id '0xc5'
2022-01-10 04:08:53 WARNING (MainThread) [homeassistant.helpers.entity] Update of fan.master_bedroom is taking over 10 seconds
2022-01-10 04:28:31 WARNING (Thread-8) [pychromecast.socket_client] [Bedroom(192.168.1.220):8009] Heartbeat timeout, resetting connection
2022-01-10 04:28:47 ERROR (Thread-8) [pychromecast.socket_client] [Bedroom(192.168.1.220):8009] Failed to connect to service ServiceInfo(type='host', data=('192.168.1.220', 8009)), retrying in 5.0s
2022-01-10 04:39:23 WARNING (MainThread) [homeassistant.helpers.entity] Update of fan.master_bedroom is taking over 10 seconds
